<?xml version="1.0" encoding="UTF-8"?>
<testng-results ignored="0" total="1" passed="1" failed="0" skipped="0">
  <reporter-output>
  </reporter-output>
  <suite started-at="2023-11-26T23:52:57 IST" name="Surefire suite" finished-at="2023-11-26T23:53:06 IST" duration-ms="9180">
    <groups>
    </groups>
    <test started-at="2023-11-26T23:52:57 IST" name="Surefire test" finished-at="2023-11-26T23:53:06 IST" duration-ms="9180">
      <class name="CucumberRestAssured.AppTest">
        <test-method signature="shouldAnswerWithTrue()" started-at="2023-11-26T23:53:06 IST" name="shouldAnswerWithTrue" finished-at="2023-11-26T23:53:06 IST" duration-ms="6" status="PASS">
          <reporter-output>
          </reporter-output>
        </test-method> <!-- shouldAnswerWithTrue -->
      </class> <!-- CucumberRestAssured.AppTest -->
    </test> <!-- Surefire test -->
  </suite> <!-- Surefire suite -->
</testng-results>
